

Version:	3.14
CmdLine:	C:\git\localrepo\artool\artool.exe --l4j-debug
WOW64:		yes
Working dir:	C:\git\localrepo\artool\.
Java min ver:	1.000.000
Java max ver:	
Bundled JRE(s):	jre
Check launcher:	C:\git\localrepo\artool\jre\bin\javaw.exe (OK)
Launcher:	C:\git\localrepo\artool\jre\bin\javaw.exe
Launcher args:	-jar "C:\git\localrepo\artool\artool.exe"
Args length:	41/32768 chars
Exit code:	0


Version:	3.14
CmdLine:	C:\git\localrepo\artool\artool.exe --l4j-debug
WOW64:		yes
Working dir:	C:\git\localrepo\artool\.
Java min ver:	1.000.000
Java max ver:	
Bundled JRE(s):	jre
Check launcher:	C:\git\localrepo\artool\jre\bin\javaw.exe (OK)
Launcher:	C:\git\localrepo\artool\jre\bin\javaw.exe
Launcher args:	-jar "C:\git\localrepo\artool\artool.exe"
Args length:	41/32768 chars
Exit code:	0


Version:	3.14
CmdLine:	C:\git\localrepo\artool\artool.exe --l4j-debug
WOW64:		yes
Working dir:	C:\git\localrepo\artool\.
Java min ver:	1.000.000
Java max ver:	
Bundled JRE(s):	jre
Check launcher:	C:\git\localrepo\artool\jre\bin\javaw.exe (OK)
Launcher:	C:\git\localrepo\artool\jre\bin\javaw.exe
Launcher args:	-jar "C:\git\localrepo\artool\artool.exe"
Args length:	41/32768 chars
Exit code:	0
